<?xml version="1.0" encoding="UTF-8"?>
<testsuite xmlns:xsi="http://www.w3.org/2001/XMLSchema-instance" xsi:noNamespaceSchemaLocation="https://maven.apache.org/surefire/maven-surefire-plugin/xsd/surefire-test-report-3.0.xsd" version="3.0" name="myKarateTest.UsersRunnerTest" time="6.947" tests="1" errors="0" skipped="0" failures="0">
  <properties>
[...]
</properties>
  <testcase name="[1:8] Test JS function calls" classname="myKarateTest/features/JavascriptFunctionTest" time="3.204">
    <system-out><![CDATA[15:53:52.821 [main] DEBUG com.intuit.karate.Suite - [config] classpath:karate-config.js
15:53:54.684 [main] INFO  com.intuit.karate - karate.env system property was: null 
15:53:55.253 [main] DEBUG com.intuit.karate - request:
1 > POST https://reqres.in/api/users
1 > x-api-key: reqres-free-v1
1 > Content-Type: application/json; charset=UTF-8
1 > Content-Length: 34
1 > Host: reqres.in
1 > Connection: Keep-Alive
1 > User-Agent: Apache-HttpClient/4.5.14 (Java/17.0.12)
1 > Accept-Encoding: gzip,deflate
{"name":"Abhishek","job":"leader"}

15:53:56.166 [main] DEBUG com.intuit.karate - response time in milliseconds: 903
1 < 201
1 < Date: Mon, 09 Jun 2025 10:23:56 GMT
1 < Content-Type: application/json; charset=utf-8
1 < Content-Length: 84
1 < Connection: keep-alive
1 < Cf-Ray: 94cfea99bb6e7941-AMD
1 < Report-To: {"group":"heroku-nel","max_age":3600,"endpoints":[{"url":"https://nel.heroku.com/reports?ts=1749464636&sid=c4c9725f-1ab0-44d8-820f-430df2718e11&s=7PL%2F8P%2FMVTi1xT6W9LsXFAsRixwoPBpVbvHTcBT2A6c%3D"}]}
1 < Reporting-Endpoints: heroku-nel=https://nel.heroku.com/reports?ts=1749464636&sid=c4c9725f-1ab0-44d8-820f-430df2718e11&s=7PL%2F8P%2FMVTi1xT6W9LsXFAsRixwoPBpVbvHTcBT2A6c%3D
1 < Nel: {"report_to":"heroku-nel","max_age":3600,"success_fraction":0.005,"failure_fraction":0.05,"response_headers":["Via"]}
1 < X-Powered-By: Express
1 < Access-Control-Allow-Origin: *
1 < Ratelimit-Policy: 100;w=60
1 < Ratelimit-Limit: 100
1 < Ratelimit-Remaining: 98
1 < Ratelimit-Reset: 60
1 < Etag: W/"54-rCDbK+ESKFHSPTv5DLRoL8z10Nw"
1 < Via: 1.1 vegur
1 < Cf-Cache-Status: DYNAMIC
1 < Server: cloudflare
1 < server-timing: cfL4;desc="?proto=TCP&rtt=45221&min_rtt=40387&rtt_var=20930&sent=7&recv=7&lost=0&retrans=0&sent_bytes=3105&recv_bytes=885&delivery_rate=69608&cwnd=252&unsent_bytes=0&cid=7ed3845536cf7a16&ts=606&x=0"
{"name":"Abhishek","job":"leader","id":"892","createdAt":"2025-06-09T10:23:56.714Z"}

15:53:56.234 [main] INFO  com.intuit.karate - [print] Value after JS function1 call is  Abhishek Jaiswal 
15:53:56.262 [main] INFO  com.intuit.karate - [print] Value after JS function2 call is  Abhishek leader 
---------------------------------------------------------
feature: classpath:myKarateTest/features/JavascriptFunctionTest.feature
scenarios:  1 | passed:  1 | failed:  0 | time: 1.5271
---------------------------------------------------------

]]></system-out>
  </testcase>
</testsuite>