<?xml version="1.0" encoding="UTF-8"?>
<testsuite xmlns:xsi="http://www.w3.org/2001/XMLSchema-instance" xsi:noNamespaceSchemaLocation="https://maven.apache.org/surefire/maven-surefire-plugin/xsd/surefire-test-report-3.0.xsd" version="3.0" name="myKarateTest.UsersRunnerTest" time="8.329" tests="1" errors="0" skipped="0" failures="0">
  <properties>
[...]
</properties>
  <testcase name="[1:7] FileUpload Testcase" classname="myKarateTest/features/FileUpload" time="4.608">
    <system-out><![CDATA[17:50:20.729 [main] DEBUG com.intuit.karate.Suite - [config] classpath:karate-config.js
17:50:22.583 [main] INFO  com.intuit.karate - karate.env system property was: null 
17:50:23.175 [main] DEBUG com.intuit.karate - request:
1 > POST https://filebin.net/
1 > Content-Type: image/png; charset=UTF-8
1 > filename: test.png
1 > Content-Length: 692949
1 > Host: filebin.net
1 > Connection: Keep-Alive
1 > User-Agent: Apache-HttpClient/4.5.14 (Java/17.0.12)
1 > Accept-Encoding: gzip,deflate


17:50:25.974 [main] DEBUG com.intuit.karate - response time in milliseconds: 2610
1 < 201
1 < Cache-Control: max-age=0
1 < Content-Type: application/json
1 < Vary: Accept-Encoding
1 < Date: Sun, 08 Jun 2025 12:20:26 GMT
1 < X-Varnish: 97321194
1 < Age: 0
1 < Via: 1.1 varnish (Varnish/6.0)
1 < Access-Control-Allow-Origin: *
1 < Strict-Transport-Security: max-age=31536000; includeSubDomains; preload
1 < Referrer-Policy: origin
1 < X-Content-Type-Options: nosniff
1 < X-Frame-Options: deny
1 < X-Report-Abuse: abuse@filebin.net
1 < Connection: keep-alive
{
    "bin": {
        "id": "f5jpuqgmfl67etfn",
        "readonly": false,
        "bytes": 0,
        "bytes_readable": "",
        "files": 0,
        "updated_at": "2025-06-08T12:20:26.260205Z",
        "updated_at_relative": "now",
        "created_at": "2025-06-08T12:20:24.958453Z",
        "created_at_relative": "now",
        "expired_at": "2025-06-15T12:20:26.260204Z",
        "expired_at_relative": "6 days from now"
    },
    "file": {
        "filename": "test.png",
        "content-type": "image/png",
        "bytes": 692949,
        "bytes_readable": "693 kB",
        "md5": "OTQzOTQwNTAyZDdkZmQwNWMwNTQ5MDUzMGViOTQ0Yjc=",
        "sha256": "49043b5307b382957a9c247b411051d27198a91ac99414cc155157ccc1feb0e6",
        "updated_at": "2025-06-08T12:20:26.2007Z",
        "updated_at_relative": "now",
        "created_at": "2025-06-08T12:20:26.2007Z",
        "created_at_relative": "now"
    }
}

---------------------------------------------------------
feature: classpath:myKarateTest/features/FileUpload.feature
scenarios:  1 | passed:  1 | failed:  0 | time: 3.3655
---------------------------------------------------------

]]></system-out>
  </testcase>
</testsuite>